2012/10/04 19:06:12 [error] [exception.CHttpException.400] exception 'CHttpException' with message 'Twoje żądanie jest nieprawidłowe.' in C:\Program Files\wamp\www\yii-1.1.10\framework\web\CController.php:337
Stack trace:
#0 C:\Program Files\wamp\www\yii-1.1.10\framework\web\CController.php(310): CController->invalidActionParams(Object(CInlineAction))
#1 C:\Program Files\wamp\www\yii-1.1.10\framework\web\filters\CFilterChain.php(134): CController->runAction(Object(CInlineAction))
#2 C:\Program Files\wamp\www\yii-1.1.10\framework\web\filters\CFilter.php(41): CFilterChain->run()
#3 C:\Program Files\wamp\www\yii-1.1.10\framework\web\CController.php(1146): CFilter->filter(Object(CFilterChain))
#4 C:\Program Files\wamp\www\yii-1.1.10\framework\web\filters\CInlineFilter.php(59): CController->filterAccessControl(Object(CFilterChain))
#5 C:\Program Files\wamp\www\yii-1.1.10\framework\web\filters\CFilterChain.php(131): CInlineFilter->filter(Object(CFilterChain))
#6 C:\Program Files\wamp\www\yii-1.1.10\framework\web\CController.php(292): CFilterChain->run()
#7 C:\Program Files\wamp\www\yii-1.1.10\framework\web\CController.php(266): CController->runActionWithFilters(Object(CInlineAction), Array)
#8 C:\Program Files\wamp\www\yii-1.1.10\framework\web\CWebApplication.php(276): CController->run('view')
#9 C:\Program Files\wamp\www\yii-1.1.10\framework\web\CWebApplication.php(135): CWebApplication->runController('frontRadny/view')
#10 C:\Program Files\wamp\www\yii-1.1.10\framework\base\CApplication.php(162): CWebApplication->processRequest()
#11 C:\Program Files\wamp\www\monitoringradnych.org\index.php(13): CApplication->run()
#12 {main}
REQUEST_URI=/monitoringradnych.org/index.php?r=frontRadny/view&id=5
---
2012/10/04 19:12:50 [warning] [application] Ustawianie niebezpiecznego (ang. unsage) atrybutu "komisjeRadnychIDs" klasy "Radny" nie powiodło się
in C:\Program Files\wamp\www\monitoringradnych.org\protected\controllers\RadnyController.php (97)
in C:\Program Files\wamp\www\monitoringradnych.org\index.php (13)
2012/10/04 19:26:20 [error] [system.db.CDbCommand] Wywołanie CDbCommand::fetchAll() nie powiodło się: SQLSTATE[42S22]: Column not found: 1054 Unknown column 'DzielniceDyzurow_DzielniceDyzurow.RDN_IN_DZL_RND_ID' in 'on clause'. Wykonywana instrukcja SQL to: SELECT `DzielniceDyzurow`.`DZL_ID` AS `t1_c0`, `DzielniceDyzurow`.`DZL_NAME` AS `t1_c1`, `DzielniceDyzurow`.`DZL_OKR_ID` AS `t1_c2`, `DzielniceDyzurow`.`DZL_CITIZEN_COUNT` AS `t1_c3`, `DzielniceDyzurow`.`DZL_AREA` AS `t1_c4` FROM `dzl` `DzielniceDyzurow`  INNER JOIN `rdn_in_dzl` `DzielniceDyzurow_DzielniceDyzurow` ON (`DzielniceDyzurow_DzielniceDyzurow`.`RDN_IN_DZL_RND_ID`=:ypl0) AND (`DzielniceDyzurow`.`DZL_ID`=`DzielniceDyzurow_DzielniceDyzurow`.`RDN_IN_DZL_DZL_ID`).
in C:\Program Files\wamp\www\monitoringradnych.org\protected\models\Radny.php (47)
in C:\Program Files\wamp\www\monitoringradnych.org\protected\controllers\FrontRadnyController.php (65)
in C:\Program Files\wamp\www\monitoringradnych.org\index.php (13)
2012/10/04 19:26:20 [error] [exception.CDbException] exception 'CDbException' with message 'CDbCommand nie zdołał wykonać instrukcji SQL: SQLSTATE[42S22]: Column not found: 1054 Unknown column 'DzielniceDyzurow_DzielniceDyzurow.RDN_IN_DZL_RND_ID' in 'on clause'. The SQL statement executed was: SELECT `DzielniceDyzurow`.`DZL_ID` AS `t1_c0`, `DzielniceDyzurow`.`DZL_NAME` AS `t1_c1`, `DzielniceDyzurow`.`DZL_OKR_ID` AS `t1_c2`, `DzielniceDyzurow`.`DZL_CITIZEN_COUNT` AS `t1_c3`, `DzielniceDyzurow`.`DZL_AREA` AS `t1_c4` FROM `dzl` `DzielniceDyzurow`  INNER JOIN `rdn_in_dzl` `DzielniceDyzurow_DzielniceDyzurow` ON (`DzielniceDyzurow_DzielniceDyzurow`.`RDN_IN_DZL_RND_ID`=:ypl0) AND (`DzielniceDyzurow`.`DZL_ID`=`DzielniceDyzurow_DzielniceDyzurow`.`RDN_IN_DZL_DZL_ID`)' in C:\Program Files\wamp\www\yii-1.1.10\framework\db\CDbCommand.php:528
Stack trace:
#0 C:\Program Files\wamp\www\yii-1.1.10\framework\db\CDbCommand.php(390): CDbCommand->queryInternal('fetchAll', Array, Array)
#1 C:\Program Files\wamp\www\yii-1.1.10\framework\db\ar\CActiveFinder.php(818): CDbCommand->queryAll()
#2 C:\Program Files\wamp\www\yii-1.1.10\framework\db\ar\CActiveFinder.php(529): CJoinElement->runQuery(Object(CJoinQuery))
#3 C:\Program Files\wamp\www\yii-1.1.10\framework\db\ar\CActiveFinder.php(167): CJoinElement->lazyFind(Object(Radny))
#4 C:\Program Files\wamp\www\yii-1.1.10\framework\db\ar\CActiveRecord.php(269): CActiveFinder->lazyFind(Object(Radny))
#5 C:\Program Files\wamp\www\yii-1.1.10\framework\db\ar\CActiveRecord.php(180): CActiveRecord->getRelated('DzielniceDyzuro...')
#6 C:\Program Files\wamp\www\monitoringradnych.org\protected\models\Radny.php(47): CActiveRecord->__isset('DzielniceDyzuro...')
#7 C:\Program Files\wamp\www\yii-1.1.10\framework\db\ar\CActiveRecord.php(1799): Radny->afterFind()
#8 C:\Program Files\wamp\www\yii-1.1.10\framework\db\ar\CActiveRecord.php(1820): CActiveRecord->populateRecord(Array, true)
#9 C:\Program Files\wamp\www\yii-1.1.10\framework\db\ar\CActiveRecord.php(1287): CActiveRecord->populateRecords(Array, true, NULL)
#10 C:\Program Files\wamp\www\yii-1.1.10\framework\db\ar\CActiveRecord.php(1406): CActiveRecord->query(Object(CDbCriteria), true)
#11 C:\Program Files\wamp\www\monitoringradnych.org\protected\controllers\FrontRadnyController.php(65): CActiveRecord->findAll()
#12 [internal function]: FrontRadnyController->actionView('1', 'clubs')
#13 C:\Program Files\wamp\www\yii-1.1.10\framework\web\actions\CAction.php(107): ReflectionMethod->invokeArgs(Object(FrontRadnyController), Array)
#14 C:\Program Files\wamp\www\yii-1.1.10\framework\web\actions\CInlineAction.php(48): CAction->runWithParamsInternal(Object(FrontRadnyController), Object(ReflectionMethod), Array)
#15 C:\Program Files\wamp\www\yii-1.1.10\framework\web\CController.php(309): CInlineAction->runWithParams(Array)
#16 C:\Program Files\wamp\www\yii-1.1.10\framework\web\filters\CFilterChain.php(134): CController->runAction(Object(CInlineAction))
#17 C:\Program Files\wamp\www\yii-1.1.10\framework\web\filters\CFilter.php(41): CFilterChain->run()
#18 C:\Program Files\wamp\www\yii-1.1.10\framework\web\CController.php(1146): CFilter->filter(Object(CFilterChain))
#19 C:\Program Files\wamp\www\yii-1.1.10\framework\web\filters\CInlineFilter.php(59): CController->filterAccessControl(Object(CFilterChain))
#20 C:\Program Files\wamp\www\yii-1.1.10\framework\web\filters\CFilterChain.php(131): CInlineFilter->filter(Object(CFilterChain))
#21 C:\Program Files\wamp\www\yii-1.1.10\framework\web\CController.php(292): CFilterChain->run()
#22 C:\Program Files\wamp\www\yii-1.1.10\framework\web\CController.php(266): CController->runActionWithFilters(Object(CInlineAction), Array)
#23 C:\Program Files\wamp\www\yii-1.1.10\framework\web\CWebApplication.php(276): CController->run('view')
#24 C:\Program Files\wamp\www\yii-1.1.10\framework\web\CWebApplication.php(135): CWebApplication->runController('frontRadny/view')
#25 C:\Program Files\wamp\www\yii-1.1.10\framework\base\CApplication.php(162): CWebApplication->processRequest()
#26 C:\Program Files\wamp\www\monitoringradnych.org\index.php(13): CApplication->run()
#27 {main}
REQUEST_URI=/monitoringradnych.org/index.php?r=frontRadny/view&id=1&tab=clubs
HTTP_REFERER=http://localhost/monitoringradnych.org/index.php?r=frontRadny/view&id=1&tab=clubs
---
2012/10/04 19:30:20 [warning] [application] Ustawianie niebezpiecznego (ang. unsage) atrybutu "komisjeRadnychIDs" klasy "Radny" nie powiodło się
in C:\Program Files\wamp\www\monitoringradnych.org\protected\controllers\RadnyController.php (100)
in C:\Program Files\wamp\www\monitoringradnych.org\index.php (13)
2012/10/04 19:30:20 [warning] [application] Ustawianie niebezpiecznego (ang. unsage) atrybutu "dzielniceDyzurowIDs" klasy "Radny" nie powiodło się
in C:\Program Files\wamp\www\monitoringradnych.org\protected\controllers\RadnyController.php (100)
in C:\Program Files\wamp\www\monitoringradnych.org\index.php (13)
2012/10/04 19:52:08 [error] [exception.CException] exception 'CException' with message 'Klasa Dzielnica i jej zachowania nie posiadają metody lub domknięcia "createUrl".' in C:\Program Files\wamp\www\yii-1.1.10\framework\base\CComponent.php:266
Stack trace:
#0 C:\Program Files\wamp\www\yii-1.1.10\framework\db\ar\CActiveRecord.php(226): CComponent->__call('createUrl', Array)
#1 C:\Program Files\wamp\www\monitoringradnych.org\protected\models\Dzielnica.php(43): CActiveRecord->__call('createUrl', Array)
#2 C:\Program Files\wamp\www\monitoringradnych.org\protected\models\Dzielnica.php(43): Dzielnica->createUrl('frontRadny/view...')
#3 C:\Program Files\wamp\www\monitoringradnych.org\protected\views\frontDzielnice\view.php(50): Dzielnica->RadniNaDyzurze()
#4 C:\Program Files\wamp\www\yii-1.1.10\framework\web\CBaseController.php(127): require('C:\Program File...')
#5 C:\Program Files\wamp\www\yii-1.1.10\framework\web\CBaseController.php(96): CBaseController->renderInternal('C:\Program File...', Array, true)
#6 C:\Program Files\wamp\www\yii-1.1.10\framework\web\CController.php(870): CBaseController->renderFile('C:\Program File...', Array, true)
#7 C:\Program Files\wamp\www\yii-1.1.10\framework\web\CController.php(783): CController->renderPartial('view', Array, true)
#8 C:\Program Files\wamp\www\monitoringradnych.org\protected\controllers\FrontDzielniceController.php(71): CController->render('view', Array)
#9 [internal function]: FrontDzielniceController->actionView('1')
#10 C:\Program Files\wamp\www\yii-1.1.10\framework\web\actions\CAction.php(107): ReflectionMethod->invokeArgs(Object(FrontDzielniceController), Array)
#11 C:\Program Files\wamp\www\yii-1.1.10\framework\web\actions\CInlineAction.php(48): CAction->runWithParamsInternal(Object(FrontDzielniceController), Object(ReflectionMethod), Array)
#12 C:\Program Files\wamp\www\yii-1.1.10\framework\web\CController.php(309): CInlineAction->runWithParams(Array)
#13 C:\Program Files\wamp\www\yii-1.1.10\framework\web\filters\CFilterChain.php(134): CController->runAction(Object(CInlineAction))
#14 C:\Program Files\wamp\www\yii-1.1.10\framework\web\filters\CFilter.php(41): CFilterChain->run()
#15 C:\Program Files\wamp\www\yii-1.1.10\framework\web\CController.php(1146): CFilter->filter(Object(CFilterChain))
#16 C:\Program Files\wamp\www\yii-1.1.10\framework\web\filters\CInlineFilter.php(59): CController->filterAccessControl(Object(CFilterChain))
#17 C:\Program Files\wamp\www\yii-1.1.10\framework\web\filters\CFilterChain.php(131): CInlineFilter->filter(Object(CFilterChain))
#18 C:\Program Files\wamp\www\yii-1.1.10\framework\web\CController.php(292): CFilterChain->run()
#19 C:\Program Files\wamp\www\yii-1.1.10\framework\web\CController.php(266): CController->runActionWithFilters(Object(CInlineAction), Array)
#20 C:\Program Files\wamp\www\yii-1.1.10\framework\web\CWebApplication.php(276): CController->run('view')
#21 C:\Program Files\wamp\www\yii-1.1.10\framework\web\CWebApplication.php(135): CWebApplication->runController('frontDzielnice/...')
#22 C:\Program Files\wamp\www\yii-1.1.10\framework\base\CApplication.php(162): CWebApplication->processRequest()
#23 C:\Program Files\wamp\www\monitoringradnych.org\index.php(13): CApplication->run()
#24 {main}
REQUEST_URI=/monitoringradnych.org/index.php?r=frontDzielnice/view&id=1
HTTP_REFERER=http://localhost/monitoringradnych.org/index.php?r=frontDzielnice/view&id=6
---
2012/10/04 19:55:39 [warning] [application] Ustawianie niebezpiecznego (ang. unsage) atrybutu "dzielniceDyzurowIDs" klasy "Radny" nie powiodło się
in C:\Program Files\wamp\www\monitoringradnych.org\protected\controllers\RadnyController.php (100)
in C:\Program Files\wamp\www\monitoringradnych.org\index.php (13)
2012/10/04 19:55:39 [warning] [application] Ustawianie niebezpiecznego (ang. unsage) atrybutu "komisjeRadnychIDs" klasy "Radny" nie powiodło się
in C:\Program Files\wamp\www\monitoringradnych.org\protected\controllers\RadnyController.php (100)
in C:\Program Files\wamp\www\monitoringradnych.org\index.php (13)
2012/10/04 19:55:57 [error] [exception.CHttpException.400] exception 'CHttpException' with message 'Twoje żądanie jest nieprawidłowe.' in C:\Program Files\wamp\www\yii-1.1.10\framework\web\CController.php:337
Stack trace:
#0 C:\Program Files\wamp\www\yii-1.1.10\framework\web\CController.php(310): CController->invalidActionParams(Object(CInlineAction))
#1 C:\Program Files\wamp\www\yii-1.1.10\framework\web\filters\CFilterChain.php(134): CController->runAction(Object(CInlineAction))
#2 C:\Program Files\wamp\www\yii-1.1.10\framework\web\filters\CFilter.php(41): CFilterChain->run()
#3 C:\Program Files\wamp\www\yii-1.1.10\framework\web\CController.php(1146): CFilter->filter(Object(CFilterChain))
#4 C:\Program Files\wamp\www\yii-1.1.10\framework\web\filters\CInlineFilter.php(59): CController->filterAccessControl(Object(CFilterChain))
#5 C:\Program Files\wamp\www\yii-1.1.10\framework\web\filters\CFilterChain.php(131): CInlineFilter->filter(Object(CFilterChain))
#6 C:\Program Files\wamp\www\yii-1.1.10\framework\web\CController.php(292): CFilterChain->run()
#7 C:\Program Files\wamp\www\yii-1.1.10\framework\web\CController.php(266): CController->runActionWithFilters(Object(CInlineAction), Array)
#8 C:\Program Files\wamp\www\yii-1.1.10\framework\web\CWebApplication.php(276): CController->run('view')
#9 C:\Program Files\wamp\www\yii-1.1.10\framework\web\CWebApplication.php(135): CWebApplication->runController('frontRadny/view')
#10 C:\Program Files\wamp\www\yii-1.1.10\framework\base\CApplication.php(162): CWebApplication->processRequest()
#11 C:\Program Files\wamp\www\monitoringradnych.org\index.php(13): CApplication->run()
#12 {main}
REQUEST_URI=/monitoringradnych.org/index.php?r=frontRadny/view&id=1
HTTP_REFERER=http://localhost/monitoringradnych.org/index.php?r=frontDzielnice/view&id=1
---
